# JRE version: Java(TM) SE Runtime Environment (8.0_31-b13) (build 1.8.0_31-b13)
# Java VM: Java HotSpot(TM) 64-Bit Server VM (25.31-b07 mixed mode windows-amd64 compressed oops)
Heap:
 PSYoungGen      total 155136K, used 124153K [0x00000000d5f80000, 0x00000000e3080000, 0x0000000100000000)
  eden space 140800K, 78% used [0x00000000d5f80000,0x00000000dcbe28c0,0x00000000de900000)
  from space 14336K, 91% used [0x00000000de900000,0x00000000df5dbc48,0x00000000df700000)
  to   space 15872K, 0% used [0x00000000e2100000,0x00000000e2100000,0x00000000e3080000)
 ParOldGen       total 98304K, used 20500K [0x0000000081e00000, 0x0000000087e00000, 0x00000000d5f80000)
  object space 98304K, 20% used [0x0000000081e00000,0x0000000083205160,0x0000000087e00000)
 Metaspace       used 51543K, capacity 52290K, committed 52608K, reserved 1095680K
  class space    used 6260K, capacity 6419K, committed 6528K, reserved 1048576K
GC Heap History (10 events):
Event: 14.525 GC heap before
{Heap before GC invocations=13 (full 2):
 PSYoungGen      total 96256K, used 12827K [0x00000000d5f80000, 0x00000000deb80000, 0x0000000100000000)
  eden space 82944K, 0% used [0x00000000d5f80000,0x00000000d5f80000,0x00000000db080000)
  from space 13312K, 96% used [0x00000000db080000,0x00000000dbd06cd0,0x00000000dbd80000)
  to   space 14848K, 0% used [0x00000000ddd00000,0x00000000ddd00000,0x00000000deb80000)
 ParOldGen       total 62976K, used 11882K [0x0000000081e00000, 0x0000000085b80000, 0x00000000d5f80000)
  object space 62976K, 18% used [0x0000000081e00000,0x000000008299a888,0x0000000085b80000)
 Metaspace       used 34958K, capacity 35314K, committed 35456K, reserved 1081344K
  class space    used 4374K, capacity 4436K, committed 4480K, reserved 1048576K
Event: 14.761 GC heap after
Heap after GC invocations=13 (full 2):
 PSYoungGen      total 96256K, used 0K [0x00000000d5f80000, 0x00000000deb80000, 0x0000000100000000)
  eden space 82944K, 0% used [0x00000000d5f80000,0x00000000d5f80000,0x00000000db080000)
  from space 13312K, 0% used [0x00000000db080000,0x00000000db080000,0x00000000dbd80000)
  to   space 14848K, 0% used [0x00000000ddd00000,0x00000000ddd00000,0x00000000deb80000)
 ParOldGen       total 98304K, used 20468K [0x0000000081e00000, 0x0000000087e00000, 0x00000000d5f80000)
  object space 98304K, 20% used [0x0000000081e00000,0x00000000831fd160,0x0000000087e00000)
 Metaspace       used 34958K, capacity 35314K, committed 35456K, reserved 1081344K
  class space    used 4374K, capacity 4436K, committed 4480K, reserved 1048576K
}
Event: 15.886 GC heap before
{Heap before GC invocations=14 (full 2):
 PSYoungGen      total 96256K, used 82944K [0x00000000d5f80000, 0x00000000deb80000, 0x0000000100000000)
  eden space 82944K, 100% used [0x00000000d5f80000,0x00000000db080000,0x00000000db080000)
  from space 13312K, 0% used [0x00000000db080000,0x00000000db080000,0x00000000dbd80000)
  to   space 14848K, 0% used [0x00000000ddd00000,0x00000000ddd00000,0x00000000deb80000)
 ParOldGen       total 98304K, used 20468K [0x0000000081e00000, 0x0000000087e00000, 0x00000000d5f80000)
  object space 98304K, 20% used [0x0000000081e00000,0x00000000831fd160,0x0000000087e00000)
 Metaspace       used 37786K, capacity 38174K, committed 38400K, reserved 1083392K
  class space    used 4723K, capacity 4790K, committed 4864K, reserved 1048576K
Event: 15.902 GC heap after
Heap after GC invocations=14 (full 2):
 PSYoungGen      total 120320K, used 3794K [0x00000000d5f80000, 0x00000000de780000, 0x0000000100000000)
  eden space 109568K, 0% used [0x00000000d5f80000,0x00000000d5f80000,0x00000000dca80000)
  from space 10752K, 35% used [0x00000000ddd00000,0x00000000de0b48c0,0x00000000de780000)
  to   space 14848K, 0% used [0x00000000dca80000,0x00000000dca80000,0x00000000dd900000)
 ParOldGen       total 98304K, used 20476K [0x0000000081e00000, 0x0000000087e00000, 0x00000000d5f80000)
  object space 98304K, 20% used [0x0000000081e00000,0x00000000831ff160,0x0000000087e00000)
 Metaspace       used 37786K, capacity 38174K, committed 38400K, reserved 1083392K
  class space    used 4723K, capacity 4790K, committed 4864K, reserved 1048576K
}
Event: 18.514 GC heap before
{Heap before GC invocations=15 (full 2):
 PSYoungGen      total 120320K, used 113362K [0x00000000d5f80000, 0x00000000de780000, 0x0000000100000000)
  eden space 109568K, 100% used [0x00000000d5f80000,0x00000000dca80000,0x00000000dca80000)
  from space 10752K, 35% used [0x00000000ddd00000,0x00000000de0b48c0,0x00000000de780000)
  to   space 14848K, 0% used [0x00000000dca80000,0x00000000dca80000,0x00000000dd900000)
 ParOldGen       total 98304K, used 20476K [0x0000000081e00000, 0x0000000087e00000, 0x00000000d5f80000)
  object space 98304K, 20% used [0x0000000081e00000,0x00000000831ff160,0x0000000087e00000)
 Metaspace       used 39023K, capacity 39508K, committed 39808K, reserved 1083392K
  class space    used 4827K, capacity 4911K, committed 4992K, reserved 1048576K
Event: 18.539 GC heap after
Heap after GC invocations=15 (full 2):
 PSYoungGen      total 124416K, used 5749K [0x00000000d5f80000, 0x00000000e0600000, 0x0000000100000000)
  eden space 109568K, 0% used [0x00000000d5f80000,0x00000000d5f80000,0x00000000dca80000)
  from space 14848K, 38% used [0x00000000dca80000,0x00000000dd01d730,0x00000000dd900000)
  to   space 14336K, 0% used [0x00000000df800000,0x00000000df800000,0x00000000e0600000)
 ParOldGen       total 98304K, used 20484K [0x0000000081e00000, 0x0000000087e00000, 0x00000000d5f80000)
  object space 98304K, 20% used [0x0000000081e00000,0x0000000083201160,0x0000000087e00000)
 Metaspace       used 39023K, capacity 39508K, committed 39808K, reserved 1083392K
  class space    used 4827K, capacity 4911K, committed 4992K, reserved 1048576K
}
Event: 20.477 GC heap before
{Heap before GC invocations=16 (full 2):
 PSYoungGen      total 124416K, used 115317K [0x00000000d5f80000, 0x00000000e0600000, 0x0000000100000000)
  eden space 109568K, 100% used [0x00000000d5f80000,0x00000000dca80000,0x00000000dca80000)
  from space 14848K, 38% used [0x00000000dca80000,0x00000000dd01d730,0x00000000dd900000)
  to   space 14336K, 0% used [0x00000000df800000,0x00000000df800000,0x00000000e0600000)
 ParOldGen       total 98304K, used 20484K [0x0000000081e00000, 0x0000000087e00000, 0x00000000d5f80000)
  object space 98304K, 20% used [0x0000000081e00000,0x0000000083201160,0x0000000087e00000)
 Metaspace       used 40311K, capacity 40886K, committed 40960K, reserved 1085440K
  class space    used 4975K, capacity 5066K, committed 5120K, reserved 1048576K
Event: 20.506 GC heap after
Heap after GC invocations=16 (full 2):
 PSYoungGen      total 154112K, used 9670K [0x00000000d5f80000, 0x00000000e0500000, 0x0000000100000000)
  eden space 140800K, 0% used [0x00000000d5f80000,0x00000000d5f80000,0x00000000de900000)
  from space 13312K, 72% used [0x00000000df800000,0x00000000e0171a58,0x00000000e0500000)
  to   space 14336K, 0% used [0x00000000de900000,0x00000000de900000,0x00000000df700000)
 ParOldGen       total 98304K, used 20492K [0x0000000081e00000, 0x0000000087e00000, 0x00000000d5f80000)
  object space 98304K, 20% used [0x0000000081e00000,0x0000000083203160,0x0000000087e00000)
 Metaspace       used 40311K, capacity 40886K, committed 40960K, reserved 1085440K
  class space    used 4975K, capacity 5066K, committed 5120K, reserved 1048576K
}
Event: 22.261 GC heap before
{Heap before GC invocations=17 (full 2):
 PSYoungGen      total 154112K, used 150470K [0x00000000d5f80000, 0x00000000e0500000, 0x0000000100000000)
  eden space 140800K, 100% used [0x00000000d5f80000,0x00000000de900000,0x00000000de900000)
  from space 13312K, 72% used [0x00000000df800000,0x00000000e0171a58,0x00000000e0500000)
  to   space 14336K, 0% used [0x00000000de900000,0x00000000de900000,0x00000000df700000)
 ParOldGen       total 98304K, used 20492K [0x0000000081e00000, 0x0000000087e00000, 0x00000000d5f80000)
  object space 98304K, 20% used [0x0000000081e00000,0x0000000083203160,0x0000000087e00000)
 Metaspace       used 41338K, capacity 41902K, committed 42112K, reserved 1085440K
  class space    used 5116K, capacity 5230K, committed 5248K, reserved 1048576K
Event: 22.304 GC heap after
Heap after GC invocations=17 (full 2):
 PSYoungGen      total 155136K, used 13167K [0x00000000d5f80000, 0x00000000e3080000, 0x0000000100000000)
  eden space 140800K, 0% used [0x00000000d5f80000,0x00000000d5f80000,0x00000000de900000)
  from space 14336K, 91% used [0x00000000de900000,0x00000000df5dbc48,0x00000000df700000)
  to   space 15872K, 0% used [0x00000000e2100000,0x00000000e2100000,0x00000000e3080000)
 ParOldGen       total 98304K, used 20500K [0x0000000081e00000, 0x0000000087e00000, 0x00000000d5f80000)
  object space 98304K, 20% used [0x0000000081e00000,0x0000000083205160,0x0000000087e00000)
 Metaspace       used 41338K, capacity 41902K, committed 42112K, reserved 1085440K
  class space    used 5116K, capacity 5230K, committed 5248K, reserved 1048576K
}

